2021-07-13 16:29:15,877 INFO  [org.jboss.modules] (main) JBoss Modules version 1.11.0.Final
2021-07-13 16:29:17,264 INFO  [org.jboss.msc] (main) JBoss MSC version 1.4.12.Final
2021-07-13 16:29:17,279 INFO  [org.jboss.threads] (main) JBoss Threads version 2.4.0.Final
2021-07-13 16:29:17,508 INFO  [org.jboss.as] (MSC service thread 1-2) WFLYSRV0049: Keycloak 14.0.0 (WildFly Core 15.0.1.Final) starting
2021-07-13 16:29:17,510 DEBUG [org.jboss.as.config] (MSC service thread 1-2) Configured system properties:
	file.encoding = Cp1252
	file.separator = \
	java.awt.headless = true
	java.class.path = C:\Users\jouad\OneDrive\Bureau\keycloak-14.0.0\jboss-modules.jar
	java.class.version = 60.0
	java.home = C:\Program Files\Java\jdk-16.0.1
	java.io.tmpdir = C:\Users\jouad\AppData\Local\Temp\
	java.library.path = C:\Program Files\Java\jdk-16.0.1\bin;C:\WINDOWS\Sun\Java\bin;C:\WINDOWS\system32;C:\WINDOWS;C:\Program Files\Common Files\Oracle\Java\javapath;C:\WINDOWS\system32;C:\WINDOWS;C:\WINDOWS\System32\Wbem;C:\WINDOWS\System32\WindowsPowerShell\v1.0\;C:\WINDOWS\System32\OpenSSH\;C:\Program Files\Git\cmd;C:\Users\jouad\AppData\Local\Microsoft\WindowsApps;C:\Users\jouad\AppData\Local\Programs\Microsoft VS Code\bin;C:\xampp\php;C:\Users\jouad\OneDrive\Bureau\Java\apache-maven-3.8.1\bin;C:\Program Files\Java\jdk-16.0.1\bin;;.
	java.net.preferIPv4Stack = true
	java.runtime.name = Java(TM) SE Runtime Environment
	java.runtime.version = 16.0.1+9-24
	java.specification.name = Java Platform API Specification
	java.specification.vendor = Oracle Corporation
	java.specification.version = 16
	java.util.logging.manager = org.jboss.logmanager.LogManager
	java.vendor = Oracle Corporation
	java.vendor.url = https://java.oracle.com/
	java.vendor.url.bug = https://bugreport.java.com/bugreport/
	java.version = 16.0.1
	java.version.date = 2021-04-20
	java.vm.compressedOopsMode = 32-bit
	java.vm.info = mixed mode, sharing
	java.vm.name = Java HotSpot(TM) 64-Bit Server VM
	java.vm.specification.name = Java Virtual Machine Specification
	java.vm.specification.vendor = Oracle Corporation
	java.vm.specification.version = 16
	java.vm.vendor = Oracle Corporation
	java.vm.version = 16.0.1+9-24
	javax.management.builder.initial = org.jboss.as.jmx.PluggableMBeanServerBuilder
	jboss.home.dir = C:\Users\jouad\OneDrive\Bureau\keycloak-14.0.0
	jboss.host.name = hp
	jboss.modules.dir = C:\Users\jouad\OneDrive\Bureau\keycloak-14.0.0\modules
	jboss.modules.system.pkgs = org.jboss.byteman
	jboss.node.name = hp
	jboss.qualified.host.name = hp
	jboss.server.base.dir = C:\Users\jouad\OneDrive\Bureau\keycloak-14.0.0\standalone
	jboss.server.config.dir = C:\Users\jouad\OneDrive\Bureau\keycloak-14.0.0\standalone\configuration
	jboss.server.data.dir = C:\Users\jouad\OneDrive\Bureau\keycloak-14.0.0\standalone\data
	jboss.server.deploy.dir = C:\Users\jouad\OneDrive\Bureau\keycloak-14.0.0\standalone\data\content
	jboss.server.log.dir = C:\Users\jouad\OneDrive\Bureau\keycloak-14.0.0\standalone\log
	jboss.server.name = hp
	jboss.server.persist.config = true
	jboss.server.temp.dir = C:\Users\jouad\OneDrive\Bureau\keycloak-14.0.0\standalone\tmp
	jdk.debug = release
	line.separator = 

	logging.configuration = file:C:\Users\jouad\OneDrive\Bureau\keycloak-14.0.0\standalone\configuration/logging.properties
	module.path = C:\Users\jouad\OneDrive\Bureau\keycloak-14.0.0\modules
	org.jboss.boot.log.file = C:\Users\jouad\OneDrive\Bureau\keycloak-14.0.0\standalone\log\server.log
	org.jboss.resolver.warning = true
	os.arch = amd64
	os.name = Windows 10
	os.version = 10.0
	path.separator = ;
	program.name = standalone.bat
	sun.arch.data.model = 64
	sun.boot.library.path = C:\Program Files\Java\jdk-16.0.1\bin
	sun.cpu.endian = little
	sun.cpu.isalist = amd64
	sun.io.unicode.encoding = UnicodeLittle
	sun.java.command = C:\Users\jouad\OneDrive\Bureau\keycloak-14.0.0\jboss-modules.jar -mp C:\Users\jouad\OneDrive\Bureau\keycloak-14.0.0\modules org.jboss.as.standalone -Djboss.home.dir=C:\Users\jouad\OneDrive\Bureau\keycloak-14.0.0
	sun.java.launcher = SUN_STANDARD
	sun.jnu.encoding = Cp1252
	sun.management.compiler = HotSpot 64-Bit Tiered Compilers
	sun.os.patch.level = 
	sun.stderr.encoding = cp850
	sun.stdout.encoding = cp850
	user.country = MA
	user.dir = C:\Users\jouad\OneDrive\Bureau\keycloak-14.0.0\bin
	user.home = C:\Users\jouad
	user.language = fr
	user.name = jouad
	user.script = 
	user.timezone = Africa/Casablanca
	user.variant = 
2021-07-13 16:29:17,516 DEBUG [org.jboss.as.config] (MSC service thread 1-2) VM Arguments: -Dprogram.name=standalone.bat -Xms64M -Xmx512M -XX:MetaspaceSize=96M -XX:MaxMetaspaceSize=256m -Djava.net.preferIPv4Stack=true -Djboss.modules.system.pkgs=org.jboss.byteman -Djava.awt.headless=true --add-exports=java.base/sun.nio.ch=ALL-UNNAMED --add-exports=jdk.unsupported/sun.misc=ALL-UNNAMED --add-exports=jdk.unsupported/sun.reflect=ALL-UNNAMED -Dorg.jboss.boot.log.file=C:\Users\jouad\OneDrive\Bureau\keycloak-14.0.0\standalone\log\server.log -Dlogging.configuration=file:C:\Users\jouad\OneDrive\Bureau\keycloak-14.0.0\standalone\configuration/logging.properties 
2021-07-13 16:29:19,383 INFO  [org.wildfly.security] (ServerService Thread Pool -- 20) ELY00001: WildFly Elytron version 1.15.3.Final
2021-07-13 16:29:20,168 INFO  [org.jboss.as.controller.management-deprecated] (ServerService Thread Pool -- 25) WFLYCTL0033: Extension 'security' is deprecated and may not be supported in future versions
2021-07-13 16:29:20,847 INFO  [org.jboss.as.controller.management-deprecated] (Controller Boot Thread) WFLYCTL0028: Attribute 'security-realm' in the resource at address '/core-service=management/management-interface=http-interface' is deprecated, and may be removed in a future version. See the attribute description in the output of the read-resource-description operation to learn more about the deprecation.
2021-07-13 16:29:20,928 INFO  [org.jboss.as.controller.management-deprecated] (ServerService Thread Pool -- 24) WFLYCTL0028: Attribute 'security-realm' in the resource at address '/subsystem=undertow/server=default-server/https-listener=https' is deprecated, and may be removed in a future version. See the attribute description in the output of the read-resource-description operation to learn more about the deprecation.
2021-07-13 16:29:21,290 INFO  [org.jboss.as.server] (Controller Boot Thread) WFLYSRV0039: Creating http management service using socket-binding (management-http)
2021-07-13 16:29:21,317 INFO  [org.xnio] (MSC service thread 1-1) XNIO version 3.8.4.Final
2021-07-13 16:29:21,328 INFO  [org.xnio.nio] (MSC service thread 1-1) XNIO NIO Implementation Version 3.8.4.Final
2021-07-13 16:29:21,426 WARN  [org.jboss.as.txn] (ServerService Thread Pool -- 51) WFLYTX0013: The node-identifier attribute on the /subsystem=transactions is set to the default value. This is a danger for environments running multiple servers. Please make sure the attribute value is unique.
2021-07-13 16:29:21,450 INFO  [org.wildfly.extension.health] (ServerService Thread Pool -- 36) WFLYHEALTH0001: Activating Base Health Subsystem
2021-07-13 16:29:21,493 INFO  [org.jboss.as.naming] (ServerService Thread Pool -- 46) WFLYNAM0001: Activating Naming Subsystem
2021-07-13 16:29:21,479 INFO  [org.wildfly.extension.io] (ServerService Thread Pool -- 38) WFLYIO001: Worker 'default' has auto-configured to 8 IO threads with 64 max task threads based on your 4 available processors
2021-07-13 16:29:21,479 INFO  [org.wildfly.extension.metrics] (ServerService Thread Pool -- 45) WFLYMETRICS0001: Activating Base Metrics Subsystem
2021-07-13 16:29:21,477 INFO  [org.jboss.as.security] (ServerService Thread Pool -- 49) WFLYSEC0002: Activating Security Subsystem
2021-07-13 16:29:21,464 INFO  [org.jboss.as.clustering.infinispan] (ServerService Thread Pool -- 37) WFLYCLINF0001: Activating Infinispan subsystem.
2021-07-13 16:29:21,627 INFO  [org.wildfly.extension.undertow] (MSC service thread 1-8) WFLYUT0003: Undertow 2.2.5.Final starting
2021-07-13 16:29:21,539 INFO  [org.jboss.as.jaxrs] (ServerService Thread Pool -- 39) WFLYRS0016: RESTEasy version 3.15.1.Final
2021-07-13 16:29:21,668 INFO  [org.jboss.as.connector.subsystems.datasources] (ServerService Thread Pool -- 31) WFLYJCA0004: Deploying JDBC-compliant driver class org.h2.Driver (version 1.4)
2021-07-13 16:29:21,659 INFO  [org.jboss.as.connector] (MSC service thread 1-7) WFLYJCA0009: Starting Jakarta Connectors Subsystem (WildFly/IronJacamar 1.4.27.Final)
2021-07-13 16:29:21,790 INFO  [org.jboss.as.security] (MSC service thread 1-7) WFLYSEC0001: Current PicketBox version=5.0.3.Final-redhat-00007
2021-07-13 16:29:21,809 INFO  [org.jboss.as.connector.deployers.jdbc] (MSC service thread 1-2) WFLYJCA0018: Started Driver service with driver-name = h2
2021-07-13 16:29:21,807 WARN  [org.wildfly.clustering.web.undertow] (ServerService Thread Pool -- 52) WFLYCLWEBUT0007: No routing provider found for default-server; using legacy provider based on static configuration
2021-07-13 16:29:21,878 INFO  [org.jboss.as.naming] (MSC service thread 1-2) WFLYNAM0003: Starting Naming Service
2021-07-13 16:29:21,891 INFO  [org.jboss.remoting] (MSC service thread 1-8) JBoss Remoting version 5.0.20.Final
2021-07-13 16:29:21,930 WARN  [org.wildfly.extension.elytron] (MSC service thread 1-1) WFLYELY00023: KeyStore file 'C:\Users\jouad\OneDrive\Bureau\keycloak-14.0.0\standalone\configuration\application.keystore' does not exist. Used blank.
2021-07-13 16:29:22,048 INFO  [org.jboss.as.mail.extension] (MSC service thread 1-2) WFLYMAIL0001: Bound mail session [java:jboss/mail/Default]
2021-07-13 16:29:22,089 INFO  [org.wildfly.extension.undertow] (ServerService Thread Pool -- 52) WFLYUT0014: Creating file handler for path 'C:\Users\jouad\OneDrive\Bureau\keycloak-14.0.0/welcome-content' with options [directory-listing: 'false', follow-symlink: 'false', case-sensitive: 'true', safe-symlink-paths: '[]']
2021-07-13 16:29:22,100 WARN  [org.wildfly.extension.elytron] (MSC service thread 1-3) WFLYELY01084: KeyStore C:\Users\jouad\OneDrive\Bureau\keycloak-14.0.0\standalone\configuration\application.keystore not found, it will be auto generated on first use with a self-signed certificate for host localhost
2021-07-13 16:29:22,230 INFO  [org.jboss.as.ejb3] (MSC service thread 1-2) WFLYEJB0482: Strict pool mdb-strict-max-pool is using a max instance size of 16 (per class), which is derived from the number of CPUs on this host.
2021-07-13 16:29:22,231 INFO  [org.jboss.as.ejb3] (MSC service thread 1-4) WFLYEJB0481: Strict pool slsb-strict-max-pool is using a max instance size of 64 (per class), which is derived from thread worker pool sizing.
2021-07-13 16:29:22,441 INFO  [org.wildfly.extension.undertow] (MSC service thread 1-1) WFLYUT0012: Started server default-server.
2021-07-13 16:29:22,498 INFO  [org.wildfly.extension.undertow] (MSC service thread 1-1) Queuing requests.
2021-07-13 16:29:22,518 INFO  [org.wildfly.extension.undertow] (MSC service thread 1-1) WFLYUT0018: Host default-host starting
2021-07-13 16:29:22,967 INFO  [org.jboss.as.patching] (MSC service thread 1-8) WFLYPAT0050: Keycloak cumulative patch ID is: base, one-off patches include: none
2021-07-13 16:29:23,064 WARN  [org.jboss.as.domain.management.security] (MSC service thread 1-5) WFLYDM0111: Keystore C:\Users\jouad\OneDrive\Bureau\keycloak-14.0.0\standalone\configuration\application.keystore not found, it will be auto generated on first use with a self signed certificate for host localhost
2021-07-13 16:29:23,068 INFO  [org.jboss.as.server.deployment.scanner] (MSC service thread 1-8) WFLYDS0013: Started FileSystemDeploymentService for directory C:\Users\jouad\OneDrive\Bureau\keycloak-14.0.0\standalone\deployments
2021-07-13 16:29:23,097 INFO  [org.wildfly.extension.undertow] (MSC service thread 1-4) WFLYUT0006: Undertow HTTP listener default listening on 127.0.0.1:8080
2021-07-13 16:29:23,150 INFO  [org.jboss.as.server.deployment] (MSC service thread 1-7) WFLYSRV0027: Starting deployment of "keycloak-server.war" (runtime-name: "keycloak-server.war")
2021-07-13 16:29:23,204 INFO  [org.wildfly.extension.undertow] (MSC service thread 1-5) WFLYUT0006: Undertow HTTPS listener https listening on 127.0.0.1:8443
2021-07-13 16:29:23,236 INFO  [org.jboss.as.ejb3] (MSC service thread 1-6) WFLYEJB0493: Jakarta Enterprise Beans subsystem suspension complete
2021-07-13 16:29:23,383 INFO  [org.jboss.as.connector.subsystems.datasources] (MSC service thread 1-3) WFLYJCA0001: Bound data source [java:jboss/datasources/KeycloakDS]
2021-07-13 16:29:23,418 INFO  [org.jboss.as.connector.subsystems.datasources] (MSC service thread 1-6) WFLYJCA0001: Bound data source [java:jboss/datasources/ExampleDS]
2021-07-13 16:29:25,096 INFO  [org.infinispan.CONTAINER] (ServerService Thread Pool -- 54) ISPN000128: Infinispan version: Infinispan 'Corona Extra' 11.0.9.Final
2021-07-13 16:29:25,221 INFO  [org.infinispan.CONFIG] (MSC service thread 1-3) ISPN000152: Passivation configured without an eviction policy being selected. Only manually evicted entities will be passivated.
2021-07-13 16:29:25,235 INFO  [org.infinispan.CONFIG] (MSC service thread 1-3) ISPN000152: Passivation configured without an eviction policy being selected. Only manually evicted entities will be passivated.
2021-07-13 16:29:25,382 INFO  [org.infinispan.PERSISTENCE] (ServerService Thread Pool -- 55) ISPN000556: Starting user marshaller 'org.wildfly.clustering.infinispan.marshalling.jboss.JBossMarshaller'
2021-07-13 16:29:25,388 INFO  [org.infinispan.PERSISTENCE] (ServerService Thread Pool -- 54) ISPN000556: Starting user marshaller 'org.wildfly.clustering.infinispan.spi.marshalling.InfinispanProtoStreamMarshaller'
2021-07-13 16:29:25,918 INFO  [org.jboss.as.clustering.infinispan] (ServerService Thread Pool -- 54) WFLYCLINF0002: Started http-remoting-connector cache from ejb container
2021-07-13 16:29:25,976 INFO  [org.jboss.as.clustering.infinispan] (ServerService Thread Pool -- 62) WFLYCLINF0002: Started actionTokens cache from keycloak container
2021-07-13 16:29:25,975 INFO  [org.jboss.as.clustering.infinispan] (ServerService Thread Pool -- 66) WFLYCLINF0002: Started sessions cache from keycloak container
2021-07-13 16:29:25,976 INFO  [org.jboss.as.clustering.infinispan] (ServerService Thread Pool -- 58) WFLYCLINF0002: Started offlineSessions cache from keycloak container
2021-07-13 16:29:25,977 INFO  [org.jboss.as.clustering.infinispan] (ServerService Thread Pool -- 65) WFLYCLINF0002: Started authenticationSessions cache from keycloak container
2021-07-13 16:29:25,977 INFO  [org.jboss.as.clustering.infinispan] (ServerService Thread Pool -- 55) WFLYCLINF0002: Started work cache from keycloak container
2021-07-13 16:29:25,977 INFO  [org.jboss.as.clustering.infinispan] (ServerService Thread Pool -- 64) WFLYCLINF0002: Started offlineClientSessions cache from keycloak container
2021-07-13 16:29:25,977 INFO  [org.jboss.as.clustering.infinispan] (ServerService Thread Pool -- 63) WFLYCLINF0002: Started loginFailures cache from keycloak container
2021-07-13 16:29:26,018 INFO  [org.jboss.as.clustering.infinispan] (ServerService Thread Pool -- 56) WFLYCLINF0002: Started clientSessions cache from keycloak container
2021-07-13 16:29:26,109 INFO  [org.jboss.as.clustering.infinispan] (ServerService Thread Pool -- 60) WFLYCLINF0002: Started keys cache from keycloak container
2021-07-13 16:29:26,112 INFO  [org.jboss.as.clustering.infinispan] (ServerService Thread Pool -- 59) WFLYCLINF0002: Started realms cache from keycloak container
2021-07-13 16:29:26,105 INFO  [org.jboss.as.clustering.infinispan] (ServerService Thread Pool -- 54) WFLYCLINF0002: Started authorization cache from keycloak container
2021-07-13 16:29:26,115 INFO  [org.jboss.as.clustering.infinispan] (ServerService Thread Pool -- 57) WFLYCLINF0002: Started users cache from keycloak container
2021-07-13 16:29:26,417 WARN  [org.jboss.as.server.deployment] (MSC service thread 1-1) WFLYSRV0273: Excluded subsystem webservices via jboss-deployment-structure.xml does not exist.
2021-07-13 16:29:28,004 INFO  [org.keycloak.services] (ServerService Thread Pool -- 60) KC-SERVICES0001: Loading config from standalone.xml or domain.xml
2021-07-13 16:29:29,190 INFO  [org.keycloak.url.DefaultHostnameProviderFactory] (ServerService Thread Pool -- 60) Frontend: <request>, Admin: <frontend>, Backend: <request>
2021-07-13 16:29:29,296 INFO  [org.jboss.as.clustering.infinispan] (ServerService Thread Pool -- 60) WFLYCLINF0002: Started realmRevisions cache from keycloak container
2021-07-13 16:29:29,311 INFO  [org.jboss.as.clustering.infinispan] (ServerService Thread Pool -- 60) WFLYCLINF0002: Started userRevisions cache from keycloak container
2021-07-13 16:29:29,328 INFO  [org.jboss.as.clustering.infinispan] (ServerService Thread Pool -- 60) WFLYCLINF0002: Started authorizationRevisions cache from keycloak container
2021-07-13 16:29:29,329 INFO  [org.keycloak.connections.infinispan.DefaultInfinispanConnectionProviderFactory] (ServerService Thread Pool -- 60) Node name: hp, Site name: null
2021-07-13 16:29:31,609 INFO  [org.keycloak.connections.jpa.DefaultJpaConnectionProviderFactory] (ServerService Thread Pool -- 60) Database info: {databaseUrl=jdbc:h2:C:\Users\jouad\OneDrive\Bureau\keycloak-14.0.0\standalone\data/keycloak, databaseUser=SA, databaseProduct=H2 1.4.197 (2018-03-18), databaseDriver=H2 JDBC Driver 1.4.197 (2018-03-18)}
2021-07-13 16:29:35,211 INFO  [org.keycloak.connections.jpa.updater.liquibase.LiquibaseJpaUpdaterProvider] (ServerService Thread Pool -- 60) Initializing database schema. Using changelog META-INF/jpa-changelog-master.xml
2021-07-13 16:29:38,619 INFO  [org.hibernate.jpa.internal.util.LogHelper] (ServerService Thread Pool -- 60) HHH000204: Processing PersistenceUnitInfo [
	name: keycloak-default
	...]
2021-07-13 16:29:38,807 INFO  [org.hibernate.Version] (ServerService Thread Pool -- 60) HHH000412: Hibernate Core {5.3.20.Final}
2021-07-13 16:29:38,810 INFO  [org.hibernate.cfg.Environment] (ServerService Thread Pool -- 60) HHH000206: hibernate.properties not found
2021-07-13 16:29:39,286 INFO  [org.hibernate.annotations.common.Version] (ServerService Thread Pool -- 60) HCANN000001: Hibernate Commons Annotations {5.0.5.Final}
2021-07-13 16:29:39,757 INFO  [org.hibernate.dialect.Dialect] (ServerService Thread Pool -- 60) HHH000400: Using dialect: org.hibernate.dialect.H2Dialect
2021-07-13 16:29:39,894 INFO  [org.hibernate.envers.boot.internal.EnversServiceImpl] (ServerService Thread Pool -- 60) Envers integration enabled? : true
2021-07-13 16:29:40,925 INFO  [org.hibernate.orm.beans] (ServerService Thread Pool -- 60) HHH10005002: No explicit CDI BeanManager reference was passed to Hibernate, but CDI is available on the Hibernate ClassLoader.
2021-07-13 16:29:41,038 INFO  [org.hibernate.validator.internal.util.Version] (ServerService Thread Pool -- 60) HV000001: Hibernate Validator 6.0.22.Final
2021-07-13 16:29:43,258 INFO  [org.hibernate.hql.internal.QueryTranslatorFactoryInitiator] (ServerService Thread Pool -- 60) HHH000397: Using ASTQueryTranslatorFactory
2021-07-13 16:29:44,348 INFO  [org.keycloak.services] (ServerService Thread Pool -- 60) KC-SERVICES0050: Initializing master realm
2021-07-13 16:29:46,833 INFO  [org.jboss.resteasy.resteasy_jaxrs.i18n] (ServerService Thread Pool -- 60) RESTEASY002225: Deploying javax.ws.rs.core.Application: class org.keycloak.services.resources.KeycloakApplication
2021-07-13 16:29:46,836 INFO  [org.jboss.resteasy.resteasy_jaxrs.i18n] (ServerService Thread Pool -- 60) RESTEASY002200: Adding class resource org.keycloak.services.resources.ThemeResource from Application class org.keycloak.services.resources.KeycloakApplication
2021-07-13 16:29:46,837 INFO  [org.jboss.resteasy.resteasy_jaxrs.i18n] (ServerService Thread Pool -- 60) RESTEASY002200: Adding class resource org.keycloak.services.resources.JsResource from Application class org.keycloak.services.resources.KeycloakApplication
2021-07-13 16:29:46,838 INFO  [org.jboss.resteasy.resteasy_jaxrs.i18n] (ServerService Thread Pool -- 60) RESTEASY002205: Adding provider class org.keycloak.services.error.KeycloakErrorHandler from Application class org.keycloak.services.resources.KeycloakApplication
2021-07-13 16:29:46,842 INFO  [org.jboss.resteasy.resteasy_jaxrs.i18n] (ServerService Thread Pool -- 60) RESTEASY002205: Adding provider class org.keycloak.services.filters.KeycloakSecurityHeadersFilter from Application class org.keycloak.services.resources.KeycloakApplication
2021-07-13 16:29:46,842 INFO  [org.jboss.resteasy.resteasy_jaxrs.i18n] (ServerService Thread Pool -- 60) RESTEASY002220: Adding singleton resource org.keycloak.services.resources.RobotsResource from Application class org.keycloak.services.resources.KeycloakApplication
2021-07-13 16:29:46,843 INFO  [org.jboss.resteasy.resteasy_jaxrs.i18n] (ServerService Thread Pool -- 60) RESTEASY002220: Adding singleton resource org.keycloak.services.resources.admin.AdminRoot from Application class org.keycloak.services.resources.KeycloakApplication
2021-07-13 16:29:46,844 INFO  [org.jboss.resteasy.resteasy_jaxrs.i18n] (ServerService Thread Pool -- 60) RESTEASY002210: Adding provider singleton org.keycloak.services.util.ObjectMapperResolver from Application class org.keycloak.services.resources.KeycloakApplication
2021-07-13 16:29:46,846 INFO  [org.jboss.resteasy.resteasy_jaxrs.i18n] (ServerService Thread Pool -- 60) RESTEASY002220: Adding singleton resource org.keycloak.services.resources.WelcomeResource from Application class org.keycloak.services.resources.KeycloakApplication
2021-07-13 16:29:46,847 INFO  [org.jboss.resteasy.resteasy_jaxrs.i18n] (ServerService Thread Pool -- 60) RESTEASY002220: Adding singleton resource org.keycloak.services.resources.RealmsResource from Application class org.keycloak.services.resources.KeycloakApplication
2021-07-13 16:29:46,980 INFO  [org.wildfly.extension.undertow] (ServerService Thread Pool -- 60) WFLYUT0021: Registered web context: '/auth' for server 'default-server'
2021-07-13 16:29:47,167 INFO  [org.jboss.as.server] (ServerService Thread Pool -- 43) WFLYSRV0010: Deployed "keycloak-server.war" (runtime-name : "keycloak-server.war")
2021-07-13 16:29:47,251 INFO  [org.jboss.as.server] (Controller Boot Thread) WFLYSRV0212: Resuming server
2021-07-13 16:29:47,256 INFO  [org.jboss.as] (Controller Boot Thread) WFLYSRV0025: Keycloak 14.0.0 (WildFly Core 15.0.1.Final) started in 32652ms - Started 594 of 872 services (584 services are lazy, passive or on-demand)
2021-07-13 16:29:47,259 INFO  [org.jboss.as] (Controller Boot Thread) WFLYSRV0060: Http management interface listening on http://127.0.0.1:9990/management
2021-07-13 16:29:47,262 INFO  [org.jboss.as] (Controller Boot Thread) WFLYSRV0051: Admin console listening on http://127.0.0.1:9990
2021-07-13 16:29:59,200 INFO  [org.keycloak.services] (default task-2) KC-SERVICES0077: Created initial admin user with username badrjouad
2021-07-13 16:34:19,699 INFO  [org.jboss.as.server] (Thread-1) WFLYSRV0272: Suspending server
2021-07-13 16:34:19,716 INFO  [org.jboss.as.ejb3] (Thread-1) WFLYEJB0493: Jakarta Enterprise Beans subsystem suspension complete
2021-07-13 16:34:19,729 INFO  [org.jboss.as.server] (Thread-1) WFLYSRV0220: Server shutdown has been requested via an OS signal
2021-07-13 16:34:19,767 INFO  [org.jboss.as.connector.subsystems.datasources] (MSC service thread 1-4) WFLYJCA0010: Unbound data source [java:jboss/datasources/KeycloakDS]
2021-07-13 16:34:19,769 INFO  [org.jboss.as.mail.extension] (MSC service thread 1-5) WFLYMAIL0002: Unbound mail session [java:jboss/mail/Default]
2021-07-13 16:34:19,773 INFO  [org.wildfly.extension.undertow] (MSC service thread 1-2) WFLYUT0008: Undertow HTTPS listener https suspending
2021-07-13 16:34:19,778 INFO  [org.wildfly.extension.undertow] (ServerService Thread Pool -- 5) WFLYUT0022: Unregistered web context: '/auth' from server 'default-server'
2021-07-13 16:34:19,784 INFO  [org.wildfly.extension.undertow] (MSC service thread 1-2) WFLYUT0007: Undertow HTTPS listener https stopped, was bound to 127.0.0.1:8443
2021-07-13 16:34:19,806 INFO  [org.wildfly.extension.undertow] (MSC service thread 1-4) WFLYUT0019: Host default-host stopping
2021-07-13 16:34:19,808 INFO  [org.jboss.as.connector.subsystems.datasources] (MSC service thread 1-3) WFLYJCA0010: Unbound data source [java:jboss/datasources/ExampleDS]
2021-07-13 16:34:19,811 INFO  [org.jboss.as.connector.deployers.jdbc] (MSC service thread 1-2) WFLYJCA0019: Stopped Driver service with driver-name = h2
2021-07-13 16:34:19,819 INFO  [org.jboss.as.server.deployment] (MSC service thread 1-2) WFLYSRV0028: Stopped deployment keycloak-server.war (runtime-name: keycloak-server.war) in 72ms
2021-07-13 16:34:19,820 INFO  [org.jboss.as.clustering.infinispan] (ServerService Thread Pool -- 72) WFLYCLINF0003: Stopped loginFailures cache from keycloak container
2021-07-13 16:34:19,821 INFO  [org.jboss.as.clustering.infinispan] (ServerService Thread Pool -- 69) WFLYCLINF0003: Stopped sessions cache from keycloak container
2021-07-13 16:34:19,822 INFO  [org.jboss.as.clustering.infinispan] (ServerService Thread Pool -- 71) WFLYCLINF0003: Stopped authenticationSessions cache from keycloak container
2021-07-13 16:34:19,822 INFO  [org.jboss.as.clustering.infinispan] (ServerService Thread Pool -- 73) WFLYCLINF0003: Stopped actionTokens cache from keycloak container
2021-07-13 16:34:19,839 INFO  [org.jboss.as.clustering.infinispan] (ServerService Thread Pool -- 75) WFLYCLINF0003: Stopped offlineClientSessions cache from keycloak container
2021-07-13 16:34:19,841 INFO  [org.jboss.as.clustering.infinispan] (ServerService Thread Pool -- 76) WFLYCLINF0003: Stopped offlineSessions cache from keycloak container
2021-07-13 16:34:19,845 INFO  [org.jboss.as.clustering.infinispan] (ServerService Thread Pool -- 70) WFLYCLINF0003: Stopped realms cache from keycloak container
2021-07-13 16:34:19,847 INFO  [org.jboss.as.clustering.infinispan] (ServerService Thread Pool -- 5) WFLYCLINF0003: Stopped users cache from keycloak container
2021-07-13 16:34:19,847 INFO  [org.jboss.as.clustering.infinispan] (ServerService Thread Pool -- 80) WFLYCLINF0003: Stopped authorization cache from keycloak container
2021-07-13 16:34:19,847 INFO  [org.jboss.as.clustering.infinispan] (ServerService Thread Pool -- 77) WFLYCLINF0003: Stopped keys cache from keycloak container
2021-07-13 16:34:19,847 INFO  [org.jboss.as.clustering.infinispan] (ServerService Thread Pool -- 79) WFLYCLINF0003: Stopped clientSessions cache from keycloak container
2021-07-13 16:34:19,853 INFO  [org.wildfly.extension.undertow] (MSC service thread 1-3) WFLYUT0008: Undertow HTTP listener default suspending
2021-07-13 16:34:19,859 INFO  [org.wildfly.extension.undertow] (MSC service thread 1-3) WFLYUT0007: Undertow HTTP listener default stopped, was bound to 127.0.0.1:8080
2021-07-13 16:34:19,858 INFO  [org.jboss.as.clustering.infinispan] (ServerService Thread Pool -- 78) WFLYCLINF0003: Stopped work cache from keycloak container
2021-07-13 16:34:19,871 INFO  [org.wildfly.extension.undertow] (MSC service thread 1-8) WFLYUT0004: Undertow 2.2.5.Final stopping
2021-07-13 16:34:19,890 INFO  [org.infinispan.manager.DefaultCacheManager] (ServerService Thread Pool -- 78) Stopping cache manager null on null
2021-07-13 16:34:20,017 INFO  [org.jboss.as.clustering.infinispan] (ServerService Thread Pool -- 73) WFLYCLINF0003: Stopped http-remoting-connector cache from ejb container
2021-07-13 16:34:20,022 INFO  [org.infinispan.manager.DefaultCacheManager] (ServerService Thread Pool -- 78) Stopping cache manager null on null
2021-07-13 16:34:20,031 INFO  [org.jboss.as] (MSC service thread 1-4) WFLYSRV0050: Keycloak 14.0.0 (WildFly Core 15.0.1.Final) stopped in 284ms
2021-07-13 16:34:25,707 INFO  [org.jboss.modules] (main) JBoss Modules version 1.11.0.Final
2021-07-13 16:34:26,544 INFO  [org.jboss.msc] (main) JBoss MSC version 1.4.12.Final
2021-07-13 16:34:26,562 INFO  [org.jboss.threads] (main) JBoss Threads version 2.4.0.Final
2021-07-13 16:34:26,730 INFO  [org.jboss.as] (MSC service thread 1-2) WFLYSRV0049: Keycloak 14.0.0 (WildFly Core 15.0.1.Final) starting
2021-07-13 16:34:26,733 DEBUG [org.jboss.as.config] (MSC service thread 1-2) Configured system properties:
	file.encoding = Cp1252
	file.separator = \
	java.awt.headless = true
	java.class.path = C:\Users\jouad\OneDrive\Bureau\keycloak-14.0.0\jboss-modules.jar
	java.class.version = 60.0
	java.home = C:\Program Files\Java\jdk-16.0.1
	java.io.tmpdir = C:\Users\jouad\AppData\Local\Temp\
	java.library.path = C:\Program Files\Java\jdk-16.0.1\bin;C:\WINDOWS\Sun\Java\bin;C:\WINDOWS\system32;C:\WINDOWS;C:\Program Files\Common Files\Oracle\Java\javapath;C:\WINDOWS\system32;C:\WINDOWS;C:\WINDOWS\System32\Wbem;C:\WINDOWS\System32\WindowsPowerShell\v1.0\;C:\WINDOWS\System32\OpenSSH\;C:\Program Files\Git\cmd;C:\Users\jouad\AppData\Local\Microsoft\WindowsApps;C:\Users\jouad\AppData\Local\Programs\Microsoft VS Code\bin;C:\xampp\php;C:\Users\jouad\OneDrive\Bureau\Java\apache-maven-3.8.1\bin;C:\Program Files\Java\jdk-16.0.1\bin;;.
	java.net.preferIPv4Stack = true
	java.runtime.name = Java(TM) SE Runtime Environment
	java.runtime.version = 16.0.1+9-24
	java.specification.name = Java Platform API Specification
	java.specification.vendor = Oracle Corporation
	java.specification.version = 16
	java.util.logging.manager = org.jboss.logmanager.LogManager
	java.vendor = Oracle Corporation
	java.vendor.url = https://java.oracle.com/
	java.vendor.url.bug = https://bugreport.java.com/bugreport/
	java.version = 16.0.1
	java.version.date = 2021-04-20
	java.vm.compressedOopsMode = 32-bit
	java.vm.info = mixed mode, sharing
	java.vm.name = Java HotSpot(TM) 64-Bit Server VM
	java.vm.specification.name = Java Virtual Machine Specification
	java.vm.specification.vendor = Oracle Corporation
	java.vm.specification.version = 16
	java.vm.vendor = Oracle Corporation
	java.vm.version = 16.0.1+9-24
	javax.management.builder.initial = org.jboss.as.jmx.PluggableMBeanServerBuilder
	jboss.home.dir = C:\Users\jouad\OneDrive\Bureau\keycloak-14.0.0
	jboss.host.name = hp
	jboss.modules.dir = C:\Users\jouad\OneDrive\Bureau\keycloak-14.0.0\modules
	jboss.modules.system.pkgs = org.jboss.byteman
	jboss.node.name = hp
	jboss.qualified.host.name = hp
	jboss.server.base.dir = C:\Users\jouad\OneDrive\Bureau\keycloak-14.0.0\standalone
	jboss.server.config.dir = C:\Users\jouad\OneDrive\Bureau\keycloak-14.0.0\standalone\configuration
	jboss.server.data.dir = C:\Users\jouad\OneDrive\Bureau\keycloak-14.0.0\standalone\data
	jboss.server.deploy.dir = C:\Users\jouad\OneDrive\Bureau\keycloak-14.0.0\standalone\data\content
	jboss.server.log.dir = C:\Users\jouad\OneDrive\Bureau\keycloak-14.0.0\standalone\log
	jboss.server.name = hp
	jboss.server.persist.config = true
	jboss.server.temp.dir = C:\Users\jouad\OneDrive\Bureau\keycloak-14.0.0\standalone\tmp
	jboss.socket.binding.port-offset = 100
	jdk.debug = release
	line.separator = 

	logging.configuration = file:C:\Users\jouad\OneDrive\Bureau\keycloak-14.0.0\standalone\configuration/logging.properties
	module.path = C:\Users\jouad\OneDrive\Bureau\keycloak-14.0.0\modules
	org.jboss.boot.log.file = C:\Users\jouad\OneDrive\Bureau\keycloak-14.0.0\standalone\log\server.log
	org.jboss.resolver.warning = true
	os.arch = amd64
	os.name = Windows 10
	os.version = 10.0
	path.separator = ;
	program.name = standalone.bat
	sun.arch.data.model = 64
	sun.boot.library.path = C:\Program Files\Java\jdk-16.0.1\bin
	sun.cpu.endian = little
	sun.cpu.isalist = amd64
	sun.io.unicode.encoding = UnicodeLittle
	sun.java.command = C:\Users\jouad\OneDrive\Bureau\keycloak-14.0.0\jboss-modules.jar -mp C:\Users\jouad\OneDrive\Bureau\keycloak-14.0.0\modules org.jboss.as.standalone -Djboss.home.dir=C:\Users\jouad\OneDrive\Bureau\keycloak-14.0.0 -Djboss.socket.binding.port-offset=100
	sun.java.launcher = SUN_STANDARD
	sun.jnu.encoding = Cp1252
	sun.management.compiler = HotSpot 64-Bit Tiered Compilers
	sun.os.patch.level = 
	sun.stderr.encoding = cp850
	sun.stdout.encoding = cp850
	user.country = MA
	user.dir = C:\Users\jouad\OneDrive\Bureau\keycloak-14.0.0\bin
	user.home = C:\Users\jouad
	user.language = fr
	user.name = jouad
	user.script = 
	user.timezone = Africa/Casablanca
	user.variant = 
2021-07-13 16:34:26,737 DEBUG [org.jboss.as.config] (MSC service thread 1-2) VM Arguments: -Dprogram.name=standalone.bat -Xms64M -Xmx512M -XX:MetaspaceSize=96M -XX:MaxMetaspaceSize=256m -Djava.net.preferIPv4Stack=true -Djboss.modules.system.pkgs=org.jboss.byteman -Djava.awt.headless=true --add-exports=java.base/sun.nio.ch=ALL-UNNAMED --add-exports=jdk.unsupported/sun.misc=ALL-UNNAMED --add-exports=jdk.unsupported/sun.reflect=ALL-UNNAMED -Dorg.jboss.boot.log.file=C:\Users\jouad\OneDrive\Bureau\keycloak-14.0.0\standalone\log\server.log -Dlogging.configuration=file:C:\Users\jouad\OneDrive\Bureau\keycloak-14.0.0\standalone\configuration/logging.properties 
2021-07-13 16:34:28,015 INFO  [org.wildfly.security] (ServerService Thread Pool -- 20) ELY00001: WildFly Elytron version 1.15.3.Final
2021-07-13 16:34:28,643 INFO  [org.jboss.as.controller.management-deprecated] (ServerService Thread Pool -- 22) WFLYCTL0033: Extension 'security' is deprecated and may not be supported in future versions
2021-07-13 16:34:29,126 INFO  [org.jboss.as.controller.management-deprecated] (Controller Boot Thread) WFLYCTL0028: Attribute 'security-realm' in the resource at address '/core-service=management/management-interface=http-interface' is deprecated, and may be removed in a future version. See the attribute description in the output of the read-resource-description operation to learn more about the deprecation.
2021-07-13 16:34:29,160 INFO  [org.jboss.as.controller.management-deprecated] (ServerService Thread Pool -- 19) WFLYCTL0028: Attribute 'security-realm' in the resource at address '/subsystem=undertow/server=default-server/https-listener=https' is deprecated, and may be removed in a future version. See the attribute description in the output of the read-resource-description operation to learn more about the deprecation.
2021-07-13 16:34:29,491 INFO  [org.jboss.as.server] (Controller Boot Thread) WFLYSRV0039: Creating http management service using socket-binding (management-http)
2021-07-13 16:34:29,523 INFO  [org.xnio] (MSC service thread 1-4) XNIO version 3.8.4.Final
2021-07-13 16:34:29,545 INFO  [org.xnio.nio] (MSC service thread 1-4) XNIO NIO Implementation Version 3.8.4.Final
2021-07-13 16:34:29,671 INFO  [org.jboss.as.connector.subsystems.datasources] (ServerService Thread Pool -- 31) WFLYJCA0004: Deploying JDBC-compliant driver class org.h2.Driver (version 1.4)
2021-07-13 16:34:29,674 INFO  [org.wildfly.extension.health] (ServerService Thread Pool -- 36) WFLYHEALTH0001: Activating Base Health Subsystem
2021-07-13 16:34:29,686 INFO  [org.jboss.as.clustering.infinispan] (ServerService Thread Pool -- 37) WFLYCLINF0001: Activating Infinispan subsystem.
2021-07-13 16:34:29,749 INFO  [org.jboss.as.jaxrs] (ServerService Thread Pool -- 39) WFLYRS0016: RESTEasy version 3.15.1.Final
2021-07-13 16:34:29,802 INFO  [org.jboss.as.connector] (MSC service thread 1-1) WFLYJCA0009: Starting Jakarta Connectors Subsystem (WildFly/IronJacamar 1.4.27.Final)
2021-07-13 16:34:29,818 WARN  [org.jboss.as.txn] (ServerService Thread Pool -- 51) WFLYTX0013: The node-identifier attribute on the /subsystem=transactions is set to the default value. This is a danger for environments running multiple servers. Please make sure the attribute value is unique.
2021-07-13 16:34:29,822 INFO  [org.jboss.as.naming] (ServerService Thread Pool -- 46) WFLYNAM0001: Activating Naming Subsystem
2021-07-13 16:34:29,876 INFO  [org.wildfly.extension.metrics] (ServerService Thread Pool -- 45) WFLYMETRICS0001: Activating Base Metrics Subsystem
2021-07-13 16:34:29,877 INFO  [org.jboss.as.security] (ServerService Thread Pool -- 49) WFLYSEC0002: Activating Security Subsystem
2021-07-13 16:34:29,897 INFO  [org.jboss.as.connector.deployers.jdbc] (MSC service thread 1-3) WFLYJCA0018: Started Driver service with driver-name = h2
2021-07-13 16:34:29,952 WARN  [org.wildfly.extension.elytron] (MSC service thread 1-1) WFLYELY00023: KeyStore file 'C:\Users\jouad\OneDrive\Bureau\keycloak-14.0.0\standalone\configuration\application.keystore' does not exist. Used blank.
2021-07-13 16:34:30,032 INFO  [org.jboss.as.security] (MSC service thread 1-2) WFLYSEC0001: Current PicketBox version=5.0.3.Final-redhat-00007
2021-07-13 16:34:30,039 INFO  [org.jboss.as.naming] (MSC service thread 1-7) WFLYNAM0003: Starting Naming Service
2021-07-13 16:34:30,041 INFO  [org.jboss.as.mail.extension] (MSC service thread 1-1) WFLYMAIL0001: Bound mail session [java:jboss/mail/Default]
2021-07-13 16:34:30,046 WARN  [org.wildfly.extension.elytron] (MSC service thread 1-1) WFLYELY01084: KeyStore C:\Users\jouad\OneDrive\Bureau\keycloak-14.0.0\standalone\configuration\application.keystore not found, it will be auto generated on first use with a self-signed certificate for host localhost
2021-07-13 16:34:30,076 WARN  [org.wildfly.clustering.web.undertow] (ServerService Thread Pool -- 52) WFLYCLWEBUT0007: No routing provider found for default-server; using legacy provider based on static configuration
2021-07-13 16:34:30,126 INFO  [org.wildfly.extension.undertow] (MSC service thread 1-5) WFLYUT0003: Undertow 2.2.5.Final starting
2021-07-13 16:34:30,327 INFO  [org.wildfly.extension.undertow] (ServerService Thread Pool -- 52) WFLYUT0014: Creating file handler for path 'C:\Users\jouad\OneDrive\Bureau\keycloak-14.0.0/welcome-content' with options [directory-listing: 'false', follow-symlink: 'false', case-sensitive: 'true', safe-symlink-paths: '[]']
2021-07-13 16:34:31,197 INFO  [org.wildfly.extension.io] (ServerService Thread Pool -- 38) WFLYIO001: Worker 'default' has auto-configured to 8 IO threads with 64 max task threads based on your 4 available processors
2021-07-13 16:34:31,210 INFO  [org.jboss.as.ejb3] (MSC service thread 1-3) WFLYEJB0482: Strict pool mdb-strict-max-pool is using a max instance size of 16 (per class), which is derived from the number of CPUs on this host.
2021-07-13 16:34:31,210 INFO  [org.jboss.as.ejb3] (MSC service thread 1-6) WFLYEJB0481: Strict pool slsb-strict-max-pool is using a max instance size of 64 (per class), which is derived from thread worker pool sizing.
2021-07-13 16:34:31,287 INFO  [org.wildfly.extension.undertow] (MSC service thread 1-5) WFLYUT0012: Started server default-server.
2021-07-13 16:34:31,293 INFO  [org.jboss.remoting] (MSC service thread 1-7) JBoss Remoting version 5.0.20.Final
2021-07-13 16:34:31,307 INFO  [org.jboss.as.patching] (MSC service thread 1-8) WFLYPAT0050: Keycloak cumulative patch ID is: base, one-off patches include: none
2021-07-13 16:34:31,311 INFO  [org.wildfly.extension.undertow] (MSC service thread 1-5) Queuing requests.
2021-07-13 16:34:31,317 INFO  [org.wildfly.extension.undertow] (MSC service thread 1-5) WFLYUT0018: Host default-host starting
2021-07-13 16:34:31,383 INFO  [org.wildfly.extension.undertow] (MSC service thread 1-3) WFLYUT0006: Undertow HTTP listener default listening on 127.0.0.1:8180
2021-07-13 16:34:31,388 WARN  [org.jboss.as.domain.management.security] (MSC service thread 1-2) WFLYDM0111: Keystore C:\Users\jouad\OneDrive\Bureau\keycloak-14.0.0\standalone\configuration\application.keystore not found, it will be auto generated on first use with a self signed certificate for host localhost
2021-07-13 16:34:31,398 INFO  [org.jboss.as.server.deployment.scanner] (MSC service thread 1-7) WFLYDS0013: Started FileSystemDeploymentService for directory C:\Users\jouad\OneDrive\Bureau\keycloak-14.0.0\standalone\deployments
2021-07-13 16:34:31,446 INFO  [org.jboss.as.server.deployment] (MSC service thread 1-4) WFLYSRV0027: Starting deployment of "keycloak-server.war" (runtime-name: "keycloak-server.war")
2021-07-13 16:34:31,477 INFO  [org.wildfly.extension.undertow] (MSC service thread 1-7) WFLYUT0006: Undertow HTTPS listener https listening on 127.0.0.1:8543
2021-07-13 16:34:31,558 INFO  [org.jboss.as.ejb3] (MSC service thread 1-6) WFLYEJB0493: Jakarta Enterprise Beans subsystem suspension complete
2021-07-13 16:34:31,669 INFO  [org.jboss.as.connector.subsystems.datasources] (MSC service thread 1-7) WFLYJCA0001: Bound data source [java:jboss/datasources/ExampleDS]
2021-07-13 16:34:31,674 INFO  [org.jboss.as.connector.subsystems.datasources] (MSC service thread 1-1) WFLYJCA0001: Bound data source [java:jboss/datasources/KeycloakDS]
2021-07-13 16:34:32,990 INFO  [org.infinispan.CONTAINER] (ServerService Thread Pool -- 54) ISPN000128: Infinispan version: Infinispan 'Corona Extra' 11.0.9.Final
2021-07-13 16:34:33,066 INFO  [org.infinispan.CONFIG] (MSC service thread 1-8) ISPN000152: Passivation configured without an eviction policy being selected. Only manually evicted entities will be passivated.
2021-07-13 16:34:33,070 INFO  [org.infinispan.CONFIG] (MSC service thread 1-8) ISPN000152: Passivation configured without an eviction policy being selected. Only manually evicted entities will be passivated.
2021-07-13 16:34:33,241 INFO  [org.infinispan.PERSISTENCE] (ServerService Thread Pool -- 55) ISPN000556: Starting user marshaller 'org.wildfly.clustering.infinispan.marshalling.jboss.JBossMarshaller'
2021-07-13 16:34:33,247 INFO  [org.infinispan.PERSISTENCE] (ServerService Thread Pool -- 54) ISPN000556: Starting user marshaller 'org.wildfly.clustering.infinispan.spi.marshalling.InfinispanProtoStreamMarshaller'
2021-07-13 16:34:33,692 INFO  [org.jboss.as.clustering.infinispan] (ServerService Thread Pool -- 54) WFLYCLINF0002: Started http-remoting-connector cache from ejb container
2021-07-13 16:34:33,745 INFO  [org.jboss.as.clustering.infinispan] (ServerService Thread Pool -- 56) WFLYCLINF0002: Started loginFailures cache from keycloak container
2021-07-13 16:34:33,752 INFO  [org.jboss.as.clustering.infinispan] (ServerService Thread Pool -- 65) WFLYCLINF0002: Started actionTokens cache from keycloak container
2021-07-13 16:34:33,776 INFO  [org.jboss.as.clustering.infinispan] (ServerService Thread Pool -- 59) WFLYCLINF0002: Started authenticationSessions cache from keycloak container
2021-07-13 16:34:33,776 INFO  [org.jboss.as.clustering.infinispan] (ServerService Thread Pool -- 61) WFLYCLINF0002: Started work cache from keycloak container
2021-07-13 16:34:33,779 INFO  [org.jboss.as.clustering.infinispan] (ServerService Thread Pool -- 62) WFLYCLINF0002: Started sessions cache from keycloak container
2021-07-13 16:34:33,781 INFO  [org.jboss.as.clustering.infinispan] (ServerService Thread Pool -- 57) WFLYCLINF0002: Started clientSessions cache from keycloak container
2021-07-13 16:34:33,781 INFO  [org.jboss.as.clustering.infinispan] (ServerService Thread Pool -- 60) WFLYCLINF0002: Started offlineClientSessions cache from keycloak container
2021-07-13 16:34:33,794 INFO  [org.jboss.as.clustering.infinispan] (ServerService Thread Pool -- 63) WFLYCLINF0002: Started offlineSessions cache from keycloak container
2021-07-13 16:34:33,900 INFO  [org.jboss.as.clustering.infinispan] (ServerService Thread Pool -- 58) WFLYCLINF0002: Started keys cache from keycloak container
2021-07-13 16:34:33,902 INFO  [org.jboss.as.clustering.infinispan] (ServerService Thread Pool -- 64) WFLYCLINF0002: Started users cache from keycloak container
2021-07-13 16:34:33,904 INFO  [org.jboss.as.clustering.infinispan] (ServerService Thread Pool -- 55) WFLYCLINF0002: Started realms cache from keycloak container
2021-07-13 16:34:33,905 INFO  [org.jboss.as.clustering.infinispan] (ServerService Thread Pool -- 54) WFLYCLINF0002: Started authorization cache from keycloak container
2021-07-13 16:34:34,251 WARN  [org.jboss.as.server.deployment] (MSC service thread 1-1) WFLYSRV0273: Excluded subsystem webservices via jboss-deployment-structure.xml does not exist.
2021-07-13 16:34:35,277 INFO  [org.keycloak.services] (ServerService Thread Pool -- 58) KC-SERVICES0001: Loading config from standalone.xml or domain.xml
2021-07-13 16:34:36,278 INFO  [org.keycloak.url.DefaultHostnameProviderFactory] (ServerService Thread Pool -- 58) Frontend: <request>, Admin: <frontend>, Backend: <request>
2021-07-13 16:34:36,368 INFO  [org.jboss.as.clustering.infinispan] (ServerService Thread Pool -- 58) WFLYCLINF0002: Started realmRevisions cache from keycloak container
2021-07-13 16:34:36,384 INFO  [org.jboss.as.clustering.infinispan] (ServerService Thread Pool -- 58) WFLYCLINF0002: Started userRevisions cache from keycloak container
2021-07-13 16:34:36,401 INFO  [org.jboss.as.clustering.infinispan] (ServerService Thread Pool -- 58) WFLYCLINF0002: Started authorizationRevisions cache from keycloak container
2021-07-13 16:34:36,403 INFO  [org.keycloak.connections.infinispan.DefaultInfinispanConnectionProviderFactory] (ServerService Thread Pool -- 58) Node name: hp, Site name: null
2021-07-13 16:34:39,128 INFO  [org.keycloak.connections.jpa.DefaultJpaConnectionProviderFactory] (ServerService Thread Pool -- 58) Database info: {databaseUrl=jdbc:h2:C:\Users\jouad\OneDrive\Bureau\keycloak-14.0.0\standalone\data/keycloak, databaseUser=SA, databaseProduct=H2 1.4.197 (2018-03-18), databaseDriver=H2 JDBC Driver 1.4.197 (2018-03-18)}
2021-07-13 16:34:41,563 INFO  [org.hibernate.jpa.internal.util.LogHelper] (ServerService Thread Pool -- 58) HHH000204: Processing PersistenceUnitInfo [
	name: keycloak-default
	...]
2021-07-13 16:34:41,679 INFO  [org.hibernate.Version] (ServerService Thread Pool -- 58) HHH000412: Hibernate Core {5.3.20.Final}
2021-07-13 16:34:41,683 INFO  [org.hibernate.cfg.Environment] (ServerService Thread Pool -- 58) HHH000206: hibernate.properties not found
2021-07-13 16:34:41,881 INFO  [org.hibernate.annotations.common.Version] (ServerService Thread Pool -- 58) HCANN000001: Hibernate Commons Annotations {5.0.5.Final}
2021-07-13 16:34:42,202 INFO  [org.hibernate.dialect.Dialect] (ServerService Thread Pool -- 58) HHH000400: Using dialect: org.hibernate.dialect.H2Dialect
2021-07-13 16:34:42,282 INFO  [org.hibernate.envers.boot.internal.EnversServiceImpl] (ServerService Thread Pool -- 58) Envers integration enabled? : true
2021-07-13 16:34:43,218 INFO  [org.hibernate.orm.beans] (ServerService Thread Pool -- 58) HHH10005002: No explicit CDI BeanManager reference was passed to Hibernate, but CDI is available on the Hibernate ClassLoader.
2021-07-13 16:34:43,310 INFO  [org.hibernate.validator.internal.util.Version] (ServerService Thread Pool -- 58) HV000001: Hibernate Validator 6.0.22.Final
2021-07-13 16:34:45,619 INFO  [org.hibernate.hql.internal.QueryTranslatorFactoryInitiator] (ServerService Thread Pool -- 58) HHH000397: Using ASTQueryTranslatorFactory
2021-07-13 16:34:47,347 INFO  [org.jboss.resteasy.resteasy_jaxrs.i18n] (ServerService Thread Pool -- 58) RESTEASY002225: Deploying javax.ws.rs.core.Application: class org.keycloak.services.resources.KeycloakApplication
2021-07-13 16:34:47,349 INFO  [org.jboss.resteasy.resteasy_jaxrs.i18n] (ServerService Thread Pool -- 58) RESTEASY002205: Adding provider class org.keycloak.services.error.KeycloakErrorHandler from Application class org.keycloak.services.resources.KeycloakApplication
2021-07-13 16:34:47,352 INFO  [org.jboss.resteasy.resteasy_jaxrs.i18n] (ServerService Thread Pool -- 58) RESTEASY002205: Adding provider class org.keycloak.services.filters.KeycloakSecurityHeadersFilter from Application class org.keycloak.services.resources.KeycloakApplication
2021-07-13 16:34:47,355 INFO  [org.jboss.resteasy.resteasy_jaxrs.i18n] (ServerService Thread Pool -- 58) RESTEASY002200: Adding class resource org.keycloak.services.resources.JsResource from Application class org.keycloak.services.resources.KeycloakApplication
2021-07-13 16:34:47,356 INFO  [org.jboss.resteasy.resteasy_jaxrs.i18n] (ServerService Thread Pool -- 58) RESTEASY002200: Adding class resource org.keycloak.services.resources.ThemeResource from Application class org.keycloak.services.resources.KeycloakApplication
2021-07-13 16:34:47,357 INFO  [org.jboss.resteasy.resteasy_jaxrs.i18n] (ServerService Thread Pool -- 58) RESTEASY002220: Adding singleton resource org.keycloak.services.resources.RobotsResource from Application class org.keycloak.services.resources.KeycloakApplication
2021-07-13 16:34:47,360 INFO  [org.jboss.resteasy.resteasy_jaxrs.i18n] (ServerService Thread Pool -- 58) RESTEASY002220: Adding singleton resource org.keycloak.services.resources.RealmsResource from Application class org.keycloak.services.resources.KeycloakApplication
2021-07-13 16:34:47,361 INFO  [org.jboss.resteasy.resteasy_jaxrs.i18n] (ServerService Thread Pool -- 58) RESTEASY002210: Adding provider singleton org.keycloak.services.util.ObjectMapperResolver from Application class org.keycloak.services.resources.KeycloakApplication
2021-07-13 16:34:47,363 INFO  [org.jboss.resteasy.resteasy_jaxrs.i18n] (ServerService Thread Pool -- 58) RESTEASY002220: Adding singleton resource org.keycloak.services.resources.admin.AdminRoot from Application class org.keycloak.services.resources.KeycloakApplication
2021-07-13 16:34:47,364 INFO  [org.jboss.resteasy.resteasy_jaxrs.i18n] (ServerService Thread Pool -- 58) RESTEASY002220: Adding singleton resource org.keycloak.services.resources.WelcomeResource from Application class org.keycloak.services.resources.KeycloakApplication
2021-07-13 16:34:47,523 INFO  [org.wildfly.extension.undertow] (ServerService Thread Pool -- 58) WFLYUT0021: Registered web context: '/auth' for server 'default-server'
2021-07-13 16:34:47,806 INFO  [org.jboss.as.server] (ServerService Thread Pool -- 43) WFLYSRV0010: Deployed "keycloak-server.war" (runtime-name : "keycloak-server.war")
2021-07-13 16:34:48,001 INFO  [org.jboss.as.server] (Controller Boot Thread) WFLYSRV0212: Resuming server
2021-07-13 16:34:48,011 INFO  [org.jboss.as] (Controller Boot Thread) WFLYSRV0025: Keycloak 14.0.0 (WildFly Core 15.0.1.Final) started in 22940ms - Started 594 of 872 services (584 services are lazy, passive or on-demand)
2021-07-13 16:34:48,018 INFO  [org.jboss.as] (Controller Boot Thread) WFLYSRV0060: Http management interface listening on http://127.0.0.1:10090/management
2021-07-13 16:34:48,030 INFO  [org.jboss.as] (Controller Boot Thread) WFLYSRV0051: Admin console listening on http://127.0.0.1:10090
